<?xml version="1.0" encoding="UTF-8"?>
<!-- Generated by org.testng.reporters.JUnitReportReporter -->
<testsuite hostname="LAPTOP-8FRMBSEQ" failures="0" tests="1" name="com.testcases.TC_loginTest" time="28.640" errors="0" timestamp="09 Jun 2020 22:40:40 GMT" skipped="0">
  <testcase classname="com.testcases.TC_loginTest" name="loginTest" time="28.640"/>
</testsuite> <!-- com.testcases.TC_loginTest -->
